<?xml version="1.0" encoding="UTF-8"?>
<!-- Generated by org.testng.reporters.JUnitReportReporter -->
<testsuite skipped="0" hostname="LAPTOP-SF99IFHK" name="com.domain.test.LoginTest" tests="2" failures="0" timestamp="11 May 2020 00:14:35 GMT" time="94.990" errors="0">
  <testcase name="sucessfulLoginTest" time="52.174" classname="com.domain.test.LoginTest"/>
  <testcase name="unsucessfulLoginTest" time="42.816" classname="com.domain.test.LoginTest"/>
</testsuite> <!-- com.domain.test.LoginTest -->
