<?xml version="1.0" encoding="UTF-8"?>
<!-- Generated by org.testng.reporters.JUnitReportReporter -->
<testsuite skipped="0" hostname="LAPTOP-SF99IFHK" name="com.domain.test.LoginScenario" tests="2" failures="0" timestamp="10 May 2020 12:09:08 GMT" time="73.594" errors="0">
  <testcase name="sucessfulLoginTest" time="43.144" classname="com.domain.test.LoginScenario"/>
  <testcase name="unsucessfulLoginTest" time="30.450" classname="com.domain.test.LoginScenario"/>
</testsuite> <!-- com.domain.test.LoginScenario -->
