<?xml version="1.0" encoding="UTF-8"?>
<!-- Generated by org.testng.reporters.JUnitReportReporter -->
<testsuite skipped="0" hostname="LAPTOP-SF99IFHK" name="com.domain.test.BaseTest" tests="1" failures="0" timestamp="10 May 2020 06:57:51 GMT" time="35.970" errors="0">
  <testcase name="MobileTest" time="35.970" classname="com.domain.test.BaseTest"/>
</testsuite> <!-- com.domain.test.BaseTest -->
